  calcviewmodelview.cpp
  csmshadow.cpp
  Detour.cpp
  doextraboneprocessing.cpp
  drawmodel.cpp
  drawmodelstatsoverlay.cpp
  eventlogs.cpp
  fireevent.cpp
  gameevents.cpp
  HDE.cpp
  hitmarker.cpp
  hooked_challange.cpp
  imgui_impl_dx9.cpp
  imgui_impl_win32.cpp
  imgui.cpp
  imgui_demo.cpp
  imgui_draw.cpp
  imgui_tables.cpp
  imgui_widgets.cpp
  inprediction.cpp
  IsEntBreakableHook.cpp
  ishltv.cpp
  md5.cpp
  menu.cpp
  nadepred.cpp
  offset.cpp
  overrideconfig.cpp
  antiaim.cpp
  awall.cpp
  cbasecombatweapon.cpp
  checksum_crc.cpp
  createmove.cpp
  debug.cpp
  drawing.cpp
  beginframe.cpp
  packetstart.cpp
  sceneend.cpp
  setupbones.cpp
  shouldskipanimframe.cpp
  skinchanger.cpp
  svcheats.cpp
  TraceRay.cpp
  updateanimations.cpp
  viewmodel.cpp
  visuals.cpp
  framestagenotify.cpp
  history.cpp
  hooks.cpp
  interfaces.cpp
  main.cpp
  math.cpp
  gui.cpp
  misc.cpp
  netvarmanager.cpp
  overrideview.cpp
  painttraverse.cpp
  patternscan.cpp
  rageaimbot.cpp
  resolver.cpp
  runcommand.cpp
  sdk.cpp
  vars.cpp
  vmtmanager.cpp
  wndproc.cpp
  writeusercmd.cpp
  kiduahook.vcxproj -> C:\Users\dima 1338\Desktop\читы кс 1.6\3\Release\kiduahook.dll
